<?xml version="1.0" encoding="UTF-8"?>
<testng-results total="1" passed="1" failed="0" skipped="0">
  <reporter-output>
  </reporter-output>
  <suite started-at="2019-05-09T16:13:51Z" name="Suite" finished-at="2019-05-09T16:14:00Z" duration-ms="8623">
    <groups>
    </groups>
    <test started-at="2019-05-09T16:13:51Z" name="Test" finished-at="2019-05-09T16:14:00Z" duration-ms="8623">
      <class name="com.qa.testing.maven.Myfirst">
        <test-method signature="m1()[pri:0, instance:com.qa.testing.maven.Myfirst@7c6908d7]" started-at="2019-05-09T21:43:51Z" name="m1" finished-at="2019-05-09T21:44:00Z" duration-ms="8571" status="PASS">
          <reporter-output>
          </reporter-output>
        </test-method> <!-- m1 -->
      </class> <!-- com.qa.testing.maven.Myfirst -->
    </test> <!-- Test -->
  </suite> <!-- Suite -->
</testng-results>
