<?xml version="1.0" encoding="UTF-8"?>
<testng-results total="1" passed="1" failed="0" skipped="0">
  <reporter-output>
  </reporter-output>
  <suite started-at="2019-05-09T16:38:04Z" name="Default suite" finished-at="2019-05-09T16:38:12Z" duration-ms="7904">
    <groups>
    </groups>
    <test started-at="2019-05-09T16:38:04Z" name="Default test" finished-at="2019-05-09T16:38:12Z" duration-ms="7904">
      <class name="com.qa.testing.maven.Myfirst">
        <test-method signature="m1()[pri:0, instance:com.qa.testing.maven.Myfirst@7770f470]" started-at="2019-05-09T22:08:04Z" name="m1" finished-at="2019-05-09T22:08:12Z" duration-ms="7870" status="PASS">
          <reporter-output>
          </reporter-output>
        </test-method> <!-- m1 -->
      </class> <!-- com.qa.testing.maven.Myfirst -->
    </test> <!-- Default test -->
  </suite> <!-- Default suite -->
</testng-results>
